<?xml version="1.0" encoding="UTF-8"?>
<!-- Generated by org.testng.reporters.JUnitReportReporter -->
<testsuite hostname="deadpool" name="bjss.shorttechtest.testframework.APITest" tests="4" failures="0" timestamp="24 Oct 2019 13:08:47 GMT" time="3.944" errors="0">
  <testcase name="retrieveAllEmployees" time="0.547" classname="bjss.shorttechtest.testframework.APITest"/>
  <testcase name="deleteCreatedEmployee" time="0.477" classname="bjss.shorttechtest.testframework.APITest"/>
  <testcase name="createUserThroughAPI" time="2.305" classname="bjss.shorttechtest.testframework.APITest"/>
  <testcase name="retrieveCreatedEmployee" time="0.615" classname="bjss.shorttechtest.testframework.APITest"/>
</testsuite> <!-- bjss.shorttechtest.testframework.APITest -->
