<?xml version="1.0" encoding="UTF-8"?>
<!-- Generated by org.testng.reporters.JUnitReportReporter -->
<testsuite hostname="deadpool" name="bjss.shorttechtest.testframework.APITest" tests="1" failures="0" timestamp="23 Oct 2019 15:22:46 GMT" time="2.095" errors="0">
  <testcase name="createUser" time="2.095" classname="bjss.shorttechtest.testframework.APITest"/>
</testsuite> <!-- bjss.shorttechtest.testframework.APITest -->
