<?xml version="1.0" encoding="UTF-8"?>
<!-- Generated by org.testng.reporters.JUnitReportReporter -->
<testsuite hostname="deadpool" name="bjss.shorttechtest.testframework.UITest" tests="2" failures="0" timestamp="24 Oct 2019 13:08:47 GMT" time="20.224" errors="0">
  <testcase name="verifyTheHelloWorldMessageDisplay" time="10.803" classname="bjss.shorttechtest.testframework.UITest"/>
  <testcase name="verifyButtonIDsChangeAfterClick" time="9.421" classname="bjss.shorttechtest.testframework.UITest"/>
</testsuite> <!-- bjss.shorttechtest.testframework.UITest -->
