<?xml version="1.0" encoding="UTF-8"?>
<!-- Generated by org.testng.reporters.JUnitReportReporter -->
<testsuite hostname="deadpool" name="bjss.shorttechtest.testframework.APITest" tests="4" failures="0" timestamp="24 Oct 2019 08:33:25 GMT" time="4.128" errors="0">
  <testcase name="createUserThroughAPI" time="2.507" classname="bjss.shorttechtest.testframework.APITest"/>
  <testcase name="retrieveCreatedEmployee" time="0.525" classname="bjss.shorttechtest.testframework.APITest"/>
  <testcase name="deleteCreatedEmployee" time="0.527" classname="bjss.shorttechtest.testframework.APITest"/>
  <testcase name="retrieveAllEmployees" time="0.569" classname="bjss.shorttechtest.testframework.APITest"/>
</testsuite> <!-- bjss.shorttechtest.testframework.APITest -->
