<?xml version="1.0" encoding="UTF-8"?>
<!-- Generated by org.testng.reporters.JUnitReportReporter -->
<testsuite hostname="deadpool" name="bjss.shorttechtest.testframework.UITest" tests="2" failures="0" timestamp="23 Oct 2019 15:22:46 GMT" time="18.483" errors="0">
  <testcase name="verifyButtonIDsChangeAfterClickingRedButton" time="6.143" classname="bjss.shorttechtest.testframework.UITest"/>
  <testcase name="verifyTheHelloWorldMessageDisplayAfterRender" time="12.340" classname="bjss.shorttechtest.testframework.UITest"/>
</testsuite> <!-- bjss.shorttechtest.testframework.UITest -->
