<?xml version="1.0" encoding="UTF-8"?>
<!-- Generated by org.testng.reporters.JUnitReportReporter -->
<testsuite hostname="deadpool" name="bjss.shorttechtest.testframework.APITest" tests="4" failures="0" timestamp="24 Oct 2019 14:29:36 GMT" time="5.126" errors="0">
  <testcase name="deleteCreatedEmployee" time="0.857" classname="bjss.shorttechtest.testframework.APITest"/>
  <testcase name="retrieveCreatedEmployee" time="0.786" classname="bjss.shorttechtest.testframework.APITest"/>
  <testcase name="retrieveAllEmployees" time="0.838" classname="bjss.shorttechtest.testframework.APITest"/>
  <testcase name="createUserThroughAPI" time="2.645" classname="bjss.shorttechtest.testframework.APITest"/>
</testsuite> <!-- bjss.shorttechtest.testframework.APITest -->
