<?xml version="1.0" encoding="UTF-8"?>
<!-- Generated by org.testng.reporters.JUnitReportReporter -->
<testsuite hostname="deadpool" name="bjss.shorttechtest.testframework.UITest" tests="3" failures="0" timestamp="24 Oct 2019 14:29:36 GMT" time="26.438" errors="0">
  <testcase name="acceptMessageAfterTrigger" time="8.140" classname="bjss.shorttechtest.testframework.UITest"/>
  <testcase name="verifyTheHelloWorldMessageDisplay" time="12.372" classname="bjss.shorttechtest.testframework.UITest"/>
  <testcase name="verifyButtonIDsChangeAfterClick" time="5.926" classname="bjss.shorttechtest.testframework.UITest"/>
</testsuite> <!-- bjss.shorttechtest.testframework.UITest -->
