<?xml version="1.0" encoding="UTF-8"?>
<!-- Generated by org.testng.reporters.JUnitReportReporter -->
<testsuite hostname="deadpool" name="bjss.shorttechtest.testframework.UITest" tests="2" failures="0" timestamp="24 Oct 2019 08:33:25 GMT" time="20.147" errors="0">
  <testcase name="verifyButtonIDsChangeAfterClickingRedButton" time="6.883" classname="bjss.shorttechtest.testframework.UITest"/>
  <testcase name="verifyTheHelloWorldMessageDisplayAfterRender" time="13.264" classname="bjss.shorttechtest.testframework.UITest"/>
</testsuite> <!-- bjss.shorttechtest.testframework.UITest -->
